#auto generated file!
180.0;0;0;1
186.0;0;0;1
192.0;0;0;1
198.0;0;0;1
204.0;0;0;1
210.0;0;0;1
216.0;0;0;1
222.0;0;0;1
228.0;0;0;1
234.0;0;0;1
240.0;0;0;1
246.0;0;0;1
252.0;0;0;1
258.0;0;0;1
264.0;0;0;1
270.0;0;0;1
276.0;0;0;1
282.0;0;0;1
288.0;0;0;1
294.0;0;0;1
300.0;0;0;1
306.0;0;0;1
312.0;0;0;1
318.0;0;0;1
324.0;0;0;1
330.0;0;0;1
336.0;0;0;1
342.0;0;0;1
348.0;0;0;1
354.0;0;0;1
360.0;0;0;1
366.0;0;0;1
372.0;0;0;1
378.0;0;0;1
384.0;0;0;1
390.0;0;0;1
396.0;0;0;1
402.0;0;0;1
408.0;0;0;1
414.0;0;0;1
420.0;0;0;1
426.0;0;0;1
432.0;0;0;1
438.0;0;0;1
444.0;0;0;1
450.0;0;0;1
456.0;0;0;1
462.0;0;1;0
468.0;0;1;0
474.0;0;1;0
480.0;0;1;0
486.0;0;1;0
492.0;0;1;0
498.0;0;1;0
504.0;0;1;0
510.0;0;1;0
516.0;0;1;0
522.0;0;1;0
528.0;0;1;0
534.0;0;1;0
540.0;0;1;0
546.0;0;1;0
552.0;0;1;0
558.0;0;1;0
564.0;0;1;0
570.0;0;1;0
576.0;0;1;0
582.0;0;1;0
588.0;0;1;0
594.0;0;1;0
600.0;0;1;0
606.0;0;1;0
612.0;0;1;0
618.0;0;1;0
624.0;0;1;0
630.0;0;1;0
636.0;0;0;1
642.0;0;0;1
648.0;0;0;1
654.0;0;0;1
660.0;0;0;1
666.0;0;0;1
672.0;0;0;1
678.0;0;0;1
684.0;0;0;1
690.0;0;0;1
696.0;0;0;1
702.0;0;0;1
708.0;0;0;1
714.0;0;0;1
720.0;0;0;1
726.0;0;0;1
732.0;0;0;1
738.0;0;0;1
744.0;0;0;1
750.0;0;0;1
756.0;0;0;1
762.0;0;0;1
768.0;0;0;1
774.0;0;0;1
780.0;0;0;1
786.0;0;0;1
792.0;0;0;1
798.0;0;0;1
804.0;0;0;1
810.0;0;0;1
816.0;0;0;1
822.0;0;0;1
828.0;0;0;1
834.0;0;0;1
840.0;0;0;1
846.0;0;0;1
852.0;0;0;1
858.0;0;0;1
864.0;0;0;1
870.0;0;0;1
876.0;0;0;1
882.0;0;0;1
888.0;0;0;1
894.0;0;0;1
900.0;0;0;1
906.0;0;0;1
912.0;0;0;1
918.0;0;0;1
924.0;0;0;1
930.0;0;0;1
936.0;0;0;1
942.0;0;0;1
948.0;0;0;1
954.0;0;0;1
960.0;0;0;1
966.0;0;0;1
972.0;0;0;1
978.0;0;0;1
984.0;0;0;1
990.0;0;0;1
996.0;0;0;1
1002.0;0;0;1
1008.0;0;0;1
1014.0;0;0;1
1020.0;0;0;1
1026.0;0;0;1
1032.0;0;0;1
1038.0;0;0;1
1044.0;0;0;1
1050.0;0;0;1
1056.0;0;0;1
1062.0;0;0;1
1068.0;0;0;1
1074.0;0;1;0
1080.0;0;1;0
1086.0;0;1;0
1092.0;0;1;0
1098.0;0;1;0
1104.0;0;1;0
1110.0;0;1;0
1116.0;0;1;0
1122.0;0;1;0
1128.0;0;1;0
1134.0;0;1;0
1140.0;0;1;0
1146.0;0;1;0
1152.0;0;1;0
1158.0;0;1;0
1164.0;0;1;0
1170.0;0;1;0
1176.0;0;1;0
1182.0;0;1;0
1188.0;0;1;0
1194.0;0;1;0
1200.0;0;1;0
1206.0;0;1;0
1212.0;0;1;0
1218.0;0;1;0
1224.0;0;0;1
1230.0;0;0;1
1236.0;0;0;1
1242.0;0;0;1
1248.0;0;0;1
1254.0;0;0;1
1260.0;0;0;1
1266.0;0;0;1
1272.0;0;0;1
1278.0;0;0;1
1284.0;0;0;1
1290.0;0;0;1
1296.0;0;0;1
1302.0;0;0;1
1308.0;0;0;1
1314.0;0;0;1
1320.0;0;0;1
1326.0;0;0;1
1332.0;0;0;1
1338.0;0;0;1
1344.0;0;0;1
1350.0;0;0;1
1356.0;0;0;1
1362.0;0;0;1
1368.0;0;0;1
1374.0;0;0;1
1380.0;0;0;1
1386.0;0;0;1
1392.0;0;0;1
1398.0;0;0;1
1404.0;0;0;1
1410.0;0;0;1
1416.0;0;0;1
1422.0;0;0;1
1428.0;0;0;1
1434.0;0;0;1
1440.0;0;0;1
1446.0;0;0;1
1452.0;0;0;1
1458.0;0;0;1
1464.0;0;0;1
1470.0;0;0;1
1476.0;0;0;1
1482.0;0;0;1
1488.0;0;0;1
1494.0;0;0;1
1500.0;0;0;1
1506.0;0;0;1
1512.0;0;0;1
1518.0;0;0;1
1524.0;0;0;1
1530.0;0;0;1
1536.0;0;0;1
1542.0;0;0;1
1548.0;0;0;1
1554.0;0;0;1
1560.0;0;0;1
1566.0;0;0;1
1572.0;0;0;1
1578.0;0;0;1
1584.0;0;0;1
1590.0;0;0;1
1596.0;0;0;1
1602.0;0;0;1
1608.0;0;0;1
1614.0;0;0;1
1620.0;0;0;1
1626.0;0;0;1
1632.0;0;0;1
1638.0;0;0;1
1644.0;0;0;1
1650.0;0;0;1
1656.0;0;0;1
1662.0;0;0;1
1668.0;0;0;1
1674.0;0;0;1
1680.0;0;0;1
1686.0;0;0;1
1692.0;0;0;1
1698.0;0;0;1
1704.0;0;0;1
1710.0;0;0;1
1716.0;0;0;1
1722.0;0;0;1
1728.0;0;0;1
1734.0;0;0;1
1740.0;0;0;1
1746.0;0;0;1
1752.0;0;0;1
1758.0;0;0;1
1764.0;0;0;1
1770.0;0;0;1
1776.0;0;0;1
1782.0;0;0;1
1788.0;0;0;1
1794.0;0;0;1
1800.0;0;0;1
1806.0;0;0;1
1812.0;0;1;0
1818.0;0;1;0
1824.0;0;1;0
1830.0;0;1;0
1836.0;0;1;0
1842.0;0;1;0
1848.0;0;1;0
1854.0;0;1;0
1860.0;0;1;0
1866.0;0;1;0
1872.0;0;1;0
1878.0;0;1;0
1884.0;0;1;0
1890.0;0;1;0
1896.0;0;1;0
1902.0;0;1;0
1908.0;0;1;0
1914.0;0;1;0
1920.0;0;1;0
1926.0;0;1;0
1932.0;0;1;0
1938.0;0;1;0
1944.0;0;1;0
1950.0;0;1;0
1956.0;0;1;0
1962.0;0;1;0
1968.0;0;1;0
1974.0;0;1;0
